<?xml version="1.0" encoding="UTF-8"?>
<coverage generated="1756951768718" clover="3.2.0">
  <project timestamp="1756951768718" name="All files">
    <metrics statements="47" coveredstatements="46" conditionals="34" coveredconditionals="33" methods="12" coveredmethods="12" elements="93" coveredelements="91" complexity="0" loc="47" ncloc="47" packages="1" files="1" classes="1"/>
    <file name="jainsIndex.ts" path="/home/runner/work/mid-where-ah/mid-where-ah/MidWhereAh/src/algorithms/equity/jainsIndex.ts">
      <metrics statements="47" coveredstatements="46" conditionals="34" coveredconditionals="33" methods="12" coveredmethods="12"/>
      <line num="46" count="3" type="stmt"/>
      <line num="48" count="18" type="stmt"/>
      <line num="49" count="18" type="stmt"/>
      <line num="80" count="3" type="stmt"/>
      <line num="82" count="260" type="cond" truecount="2" falsecount="0"/>
      <line num="83" count="4" type="stmt"/>
      <line num="86" count="256" type="cond" truecount="2" falsecount="0"/>
      <line num="87" count="2" type="stmt"/>
      <line num="91" count="254" type="stmt"/>
      <line num="92" count="13515" type="cond" truecount="3" falsecount="0"/>
      <line num="97" count="254" type="cond" truecount="2" falsecount="0"/>
      <line num="98" count="7" type="stmt"/>
      <line num="103" count="247" type="stmt"/>
      <line num="106" count="247" type="cond" truecount="2" falsecount="0"/>
      <line num="107" count="3" type="stmt"/>
      <line num="111" count="13493" type="stmt"/>
      <line num="114" count="244" type="cond" truecount="2" falsecount="0"/>
      <line num="115" count="1" type="stmt"/>
      <line num="119" count="13489" type="stmt"/>
      <line num="122" count="243" type="cond" truecount="1" falsecount="1"/>
      <line num="123" count="0" type="stmt"/>
      <line num="127" count="243" type="stmt"/>
      <line num="130" count="243" type="stmt"/>
      <line num="153" count="3" type="stmt"/>
      <line num="156" count="110" type="cond" truecount="2" falsecount="0"/>
      <line num="157" count="1" type="stmt"/>
      <line num="160" count="109" type="cond" truecount="2" falsecount="0"/>
      <line num="161" count="1" type="stmt"/>
      <line num="165" count="108" type="stmt"/>
      <line num="166" count="1033" type="cond" truecount="5" falsecount="0"/>
      <line num="173" count="108" type="cond" truecount="2" falsecount="0"/>
      <line num="174" count="1" type="stmt"/>
      <line num="180" count="1030" type="stmt"/>
      <line num="183" count="107" type="stmt"/>
      <line num="186" count="107" type="stmt"/>
      <line num="187" count="1030" type="stmt"/>
      <line num="190" count="107" type="stmt"/>
      <line num="191" count="1030" type="stmt"/>
      <line num="194" count="107" type="stmt"/>
      <line num="197" count="107" type="stmt"/>
      <line num="199" count="107" type="stmt"/>
      <line num="222" count="3" type="stmt"/>
      <line num="226" count="6" type="cond" truecount="2" falsecount="0"/>
      <line num="227" count="1" type="stmt"/>
      <line num="230" count="5" type="cond" truecount="4" falsecount="0"/>
      <line num="231" count="1" type="stmt"/>
      <line num="236" count="18" type="stmt"/>
    </file>
  </project>
</coverage>
