{"/home/runner/work/mid-where-ah/mid-where-ah/MidWhereAh/src/algorithms/equity/jainsIndex.ts": {"path":"/home/runner/work/mid-where-ah/mid-where-ah/MidWhereAh/src/algorithms/equity/jainsIndex.ts","statementMap":{"0":{"start":{"line":48,"column":4},"end":{"line":48,"column":19}},"1":{"start":{"line":49,"column":4},"end":{"line":49,"column":42}},"2":{"start":{"line":46,"column":0},"end":{"line":46,"column":13}},"3":{"start":{"line":80,"column":35},"end":{"line":131,"column":1}},"4":{"start":{"line":82,"column":2},"end":{"line":84,"column":3}},"5":{"start":{"line":83,"column":4},"end":{"line":83,"column":71}},"6":{"start":{"line":86,"column":2},"end":{"line":88,"column":3}},"7":{"start":{"line":87,"column":4},"end":{"line":87,"column":76}},"8":{"start":{"line":91,"column":26},"end":{"line":94,"column":null}},"9":{"start":{"line":92,"column":4},"end":{"line":94,"column":12}},"10":{"start":{"line":97,"column":2},"end":{"line":101,"column":3}},"11":{"start":{"line":98,"column":4},"end":{"line":100,"column":6}},"12":{"start":{"line":103,"column":12},"end":{"line":103,"column":30}},"13":{"start":{"line":106,"column":2},"end":{"line":108,"column":3}},"14":{"start":{"line":107,"column":4},"end":{"line":107,"column":15}},"15":{"start":{"line":111,"column":14},"end":{"line":111,"column":62}},"16":{"start":{"line":111,"column":48},"end":{"line":111,"column":58}},"17":{"start":{"line":114,"column":2},"end":{"line":116,"column":3}},"18":{"start":{"line":115,"column":4},"end":{"line":115,"column":15}},"19":{"start":{"line":119,"column":23},"end":{"line":119,"column":78}},"20":{"start":{"line":119,"column":57},"end":{"line":119,"column":74}},"21":{"start":{"line":122,"column":2},"end":{"line":124,"column":3}},"22":{"start":{"line":123,"column":4},"end":{"line":123,"column":15}},"23":{"start":{"line":127,"column":20},"end":{"line":127,"column":52}},"24":{"start":{"line":130,"column":2},"end":{"line":130,"column":49}},"25":{"start":{"line":80,"column":13},"end":{"line":80,"column":35}},"26":{"start":{"line":153,"column":39},"end":{"line":207,"column":1}},"27":{"start":{"line":156,"column":2},"end":{"line":158,"column":3}},"28":{"start":{"line":157,"column":4},"end":{"line":157,"column":75}},"29":{"start":{"line":160,"column":2},"end":{"line":162,"column":3}},"30":{"start":{"line":161,"column":4},"end":{"line":161,"column":80}},"31":{"start":{"line":165,"column":22},"end":{"line":170,"column":null}},"32":{"start":{"line":166,"column":4},"end":{"line":170,"column":30}},"33":{"start":{"line":173,"column":2},"end":{"line":177,"column":3}},"34":{"start":{"line":174,"column":4},"end":{"line":176,"column":6}},"35":{"start":{"line":180,"column":22},"end":{"line":180,"column":72}},"36":{"start":{"line":180,"column":49},"end":{"line":180,"column":71}},"37":{"start":{"line":183,"column":24},"end":{"line":183,"column":56}},"38":{"start":{"line":186,"column":21},"end":{"line":186,"column":39}},"39":{"start":{"line":187,"column":25},"end":{"line":187,"column":86}},"40":{"start":{"line":187,"column":59},"end":{"line":187,"column":69}},"41":{"start":{"line":190,"column":19},"end":{"line":193,"column":16}},"42":{"start":{"line":191,"column":19},"end":{"line":191,"column":59}},"43":{"start":{"line":194,"column":28},"end":{"line":194,"column":47}},"44":{"start":{"line":197,"column":26},"end":{"line":197,"column":49}},"45":{"start":{"line":199,"column":2},"end":{"line":206,"column":4}},"46":{"start":{"line":153,"column":13},"end":{"line":153,"column":39}},"47":{"start":{"line":222,"column":36},"end":{"line":241,"column":1}},"48":{"start":{"line":226,"column":2},"end":{"line":228,"column":3}},"49":{"start":{"line":227,"column":4},"end":{"line":227,"column":71}},"50":{"start":{"line":230,"column":2},"end":{"line":234,"column":3}},"51":{"start":{"line":231,"column":4},"end":{"line":233,"column":6}},"52":{"start":{"line":236,"column":2},"end":{"line":240,"column":6}},"53":{"start":{"line":236,"column":43},"end":{"line":240,"column":4}},"54":{"start":{"line":222,"column":13},"end":{"line":222,"column":36}}},"fnMap":{"0":{"name":"(anonymous_0)","decl":{"start":{"line":47,"column":2},"end":{"line":47,"column":14}},"loc":{"start":{"line":47,"column":29},"end":{"line":50,"column":3}}},"1":{"name":"(anonymous_1)","decl":{"start":{"line":80,"column":35},"end":{"line":80,"column":36}},"loc":{"start":{"line":80,"column":78},"end":{"line":131,"column":1}}},"2":{"name":"(anonymous_2)","decl":{"start":{"line":91,"column":45},"end":{"line":91,"column":49}},"loc":{"start":{"line":92,"column":4},"end":{"line":94,"column":12}}},"3":{"name":"(anonymous_3)","decl":{"start":{"line":111,"column":33},"end":{"line":111,"column":34}},"loc":{"start":{"line":111,"column":48},"end":{"line":111,"column":58}}},"4":{"name":"(anonymous_4)","decl":{"start":{"line":119,"column":42},"end":{"line":119,"column":43}},"loc":{"start":{"line":119,"column":57},"end":{"line":119,"column":74}}},"5":{"name":"(anonymous_5)","decl":{"start":{"line":153,"column":39},"end":{"line":153,"column":null}},"loc":{"start":{"line":155,"column":18},"end":{"line":207,"column":1}}},"6":{"name":"(anonymous_6)","decl":{"start":{"line":165,"column":44},"end":{"line":165,"column":48}},"loc":{"start":{"line":166,"column":4},"end":{"line":170,"column":30}}},"7":{"name":"(anonymous_7)","decl":{"start":{"line":180,"column":41},"end":{"line":180,"column":45}},"loc":{"start":{"line":180,"column":49},"end":{"line":180,"column":71}}},"8":{"name":"(anonymous_8)","decl":{"start":{"line":187,"column":44},"end":{"line":187,"column":45}},"loc":{"start":{"line":187,"column":59},"end":{"line":187,"column":69}}},"9":{"name":"(anonymous_9)","decl":{"start":{"line":191,"column":4},"end":{"line":191,"column":5}},"loc":{"start":{"line":191,"column":19},"end":{"line":191,"column":59}}},"10":{"name":"(anonymous_10)","decl":{"start":{"line":222,"column":36},"end":{"line":222,"column":null}},"loc":{"start":{"line":225,"column":22},"end":{"line":241,"column":1}}},"11":{"name":"(anonymous_11)","decl":{"start":{"line":236,"column":25},"end":{"line":236,"column":26}},"loc":{"start":{"line":236,"column":43},"end":{"line":240,"column":4}}}},"branchMap":{"0":{"loc":{"start":{"line":82,"column":2},"end":{"line":84,"column":3}},"type":"if","locations":[{"start":{"line":82,"column":2},"end":{"line":84,"column":3}},{"start":{},"end":{}}]},"1":{"loc":{"start":{"line":86,"column":2},"end":{"line":88,"column":3}},"type":"if","locations":[{"start":{"line":86,"column":2},"end":{"line":88,"column":3}},{"start":{},"end":{}}]},"2":{"loc":{"start":{"line":92,"column":4},"end":{"line":94,"column":12}},"type":"binary-expr","locations":[{"start":{"line":92,"column":4},"end":{"line":92,"column":28}},{"start":{"line":93,"column":4},"end":{"line":93,"column":26}},{"start":{"line":94,"column":4},"end":{"line":94,"column":12}}]},"3":{"loc":{"start":{"line":97,"column":2},"end":{"line":101,"column":3}},"type":"if","locations":[{"start":{"line":97,"column":2},"end":{"line":101,"column":3}},{"start":{},"end":{}}]},"4":{"loc":{"start":{"line":106,"column":2},"end":{"line":108,"column":3}},"type":"if","locations":[{"start":{"line":106,"column":2},"end":{"line":108,"column":3}},{"start":{},"end":{}}]},"5":{"loc":{"start":{"line":114,"column":2},"end":{"line":116,"column":3}},"type":"if","locations":[{"start":{"line":114,"column":2},"end":{"line":116,"column":3}},{"start":{},"end":{}}]},"6":{"loc":{"start":{"line":122,"column":2},"end":{"line":124,"column":3}},"type":"if","locations":[{"start":{"line":122,"column":2},"end":{"line":124,"column":3}},{"start":{},"end":{}}]},"7":{"loc":{"start":{"line":156,"column":2},"end":{"line":158,"column":3}},"type":"if","locations":[{"start":{"line":156,"column":2},"end":{"line":158,"column":3}},{"start":{},"end":{}}]},"8":{"loc":{"start":{"line":160,"column":2},"end":{"line":162,"column":3}},"type":"if","locations":[{"start":{"line":160,"column":2},"end":{"line":162,"column":3}},{"start":{},"end":{}}]},"9":{"loc":{"start":{"line":166,"column":4},"end":{"line":170,"column":30}},"type":"binary-expr","locations":[{"start":{"line":166,"column":4},"end":{"line":166,"column":9}},{"start":{"line":167,"column":4},"end":{"line":167,"column":31}},{"start":{"line":168,"column":4},"end":{"line":168,"column":46}},{"start":{"line":169,"column":4},"end":{"line":169,"column":44}},{"start":{"line":170,"column":4},"end":{"line":170,"column":30}}]},"10":{"loc":{"start":{"line":173,"column":2},"end":{"line":177,"column":3}},"type":"if","locations":[{"start":{"line":173,"column":2},"end":{"line":177,"column":3}},{"start":{},"end":{}}]},"11":{"loc":{"start":{"line":226,"column":2},"end":{"line":228,"column":3}},"type":"if","locations":[{"start":{"line":226,"column":2},"end":{"line":228,"column":3}},{"start":{},"end":{}}]},"12":{"loc":{"start":{"line":230,"column":2},"end":{"line":234,"column":3}},"type":"if","locations":[{"start":{"line":230,"column":2},"end":{"line":234,"column":3}},{"start":{},"end":{}}]},"13":{"loc":{"start":{"line":230,"column":6},"end":{"line":230,"column":54}},"type":"binary-expr","locations":[{"start":{"line":230,"column":6},"end":{"line":230,"column":13}},{"start":{"line":230,"column":17},"end":{"line":230,"column":54}}]},"14":{"loc":{"start":{"line":239,"column":12},"end":{"line":239,"column":54}},"type":"cond-expr","locations":[{"start":{"line":239,"column":22},"end":{"line":239,"column":36}},{"start":{"line":239,"column":39},"end":{"line":239,"column":54}}]}},"s":{"0":18,"1":18,"2":3,"3":3,"4":260,"5":4,"6":256,"7":2,"8":254,"9":13515,"10":254,"11":7,"12":247,"13":247,"14":3,"15":244,"16":13493,"17":244,"18":1,"19":243,"20":13489,"21":243,"22":0,"23":243,"24":243,"25":3,"26":3,"27":110,"28":1,"29":109,"30":1,"31":108,"32":1033,"33":108,"34":1,"35":107,"36":1030,"37":107,"38":107,"39":107,"40":1030,"41":107,"42":1030,"43":107,"44":107,"45":107,"46":3,"47":3,"48":6,"49":1,"50":5,"51":1,"52":4,"53":18,"54":3},"f":{"0":18,"1":260,"2":13515,"3":13493,"4":13489,"5":110,"6":1033,"7":1030,"8":1030,"9":1030,"10":6,"11":18},"b":{"0":[4,256],"1":[2,254],"2":[13515,13513,13511],"3":[7,247],"4":[3,244],"5":[1,243],"6":[0,243],"7":[1,109],"8":[1,108],"9":[1033,1033,1033,1032,1032],"10":[1,107],"11":[1,5],"12":[1,4],"13":[5,2],"14":[3,15]}}
}
