TN:
SF:src/algorithms/equity/jainsIndex.ts
FN:47,(anonymous_0)
FN:80,(anonymous_1)
FN:91,(anonymous_2)
FN:111,(anonymous_3)
FN:119,(anonymous_4)
FN:153,(anonymous_5)
FN:165,(anonymous_6)
FN:180,(anonymous_7)
FN:187,(anonymous_8)
FN:191,(anonymous_9)
FN:222,(anonymous_10)
FN:236,(anonymous_11)
FNF:12
FNH:12
FNDA:18,(anonymous_0)
FNDA:260,(anonymous_1)
FNDA:13515,(anonymous_2)
FNDA:13493,(anonymous_3)
FNDA:13489,(anonymous_4)
FNDA:110,(anonymous_5)
FNDA:1033,(anonymous_6)
FNDA:1030,(anonymous_7)
FNDA:1030,(anonymous_8)
FNDA:1030,(anonymous_9)
FNDA:6,(anonymous_10)
FNDA:18,(anonymous_11)
DA:46,3
DA:48,18
DA:49,18
DA:80,3
DA:82,260
DA:83,4
DA:86,256
DA:87,2
DA:91,254
DA:92,13515
DA:97,254
DA:98,7
DA:103,247
DA:106,247
DA:107,3
DA:111,13493
DA:114,244
DA:115,1
DA:119,13489
DA:122,243
DA:123,0
DA:127,243
DA:130,243
DA:153,3
DA:156,110
DA:157,1
DA:160,109
DA:161,1
DA:165,108
DA:166,1033
DA:173,108
DA:174,1
DA:180,1030
DA:183,107
DA:186,107
DA:187,1030
DA:190,107
DA:191,1030
DA:194,107
DA:197,107
DA:199,107
DA:222,3
DA:226,6
DA:227,1
DA:230,5
DA:231,1
DA:236,18
LF:47
LH:46
BRDA:82,0,0,4
BRDA:82,0,1,256
BRDA:86,1,0,2
BRDA:86,1,1,254
BRDA:92,2,0,13515
BRDA:92,2,1,13513
BRDA:92,2,2,13511
BRDA:97,3,0,7
BRDA:97,3,1,247
BRDA:106,4,0,3
BRDA:106,4,1,244
BRDA:114,5,0,1
BRDA:114,5,1,243
BRDA:122,6,0,0
BRDA:122,6,1,243
BRDA:156,7,0,1
BRDA:156,7,1,109
BRDA:160,8,0,1
BRDA:160,8,1,108
BRDA:166,9,0,1033
BRDA:166,9,1,1033
BRDA:166,9,2,1033
BRDA:166,9,3,1032
BRDA:166,9,4,1032
BRDA:173,10,0,1
BRDA:173,10,1,107
BRDA:226,11,0,1
BRDA:226,11,1,5
BRDA:230,12,0,1
BRDA:230,12,1,4
BRDA:230,13,0,5
BRDA:230,13,1,2
BRDA:239,14,0,3
BRDA:239,14,1,15
BRF:34
BRH:33
end_of_record
